#
# There is insufficient memory for the Java Runtime Environment to continue.
# Native memory allocation (malloc) failed to allocate 1204016 bytes for Chunk::new
# Possible reasons:
#   The system is out of physical RAM or swap space
#   The process is running with CompressedOops enabled, and the Java Heap may be blocking the growth of the native heap
# Possible solutions:
#   Reduce memory load on the system
#   Increase physical memory or swap space
#   Check if swap backing store is full
#   Decrease Java heap size (-Xmx/-Xms)
#   Decrease number of Java threads
#   Decrease Java thread stack sizes (-Xss)
#   Set larger code cache with -XX:ReservedCodeCacheSize=
#   JVM is running with Unscaled Compressed Oops mode in which the Java heap is
#     placed in the first 4GB address space. The Java Heap base address is the
#     maximum limit for the native heap growth. Please use -XX:HeapBaseMinAddress
#     to set the Java Heap base and to place the Java Heap above 4GB virtual address.
# This output file may be truncated or incomplete.
#
#  Out of Memory Error (allocation.cpp:389), pid=15400, tid=0x0000000000003990
#
# JRE version: Java(TM) SE Runtime Environment (8.0_231-b11) (build 1.8.0_231-b11)
# Java VM: Java HotSpot(TM) 64-Bit Server VM (25.231-b11 mixed mode windows-amd64 compressed oops)
# Failed to write core dump. Minidumps are not enabled by default on client versions of Windows
#

---------------  T H R E A D  ---------------

Current thread (0x00000000166be000):  JavaThread "C2 CompilerThread1" daemon [_thread_in_native, id=14736, stack(0x0000000016e90000,0x0000000016f90000)]

Stack: [0x0000000016e90000,0x0000000016f90000]
[error occurred during error reporting (printing stack bounds), id 0xc0000005]

Native frames: (J=compiled Java code, j=interpreted, Vv=VM code, C=native code)


Current CompileTask:
C2:  30055 8788   !   4       com.google.inject.spi.InjectionPoint::getInjectionPoints (489 bytes)


---------------  P R O C E S S  ---------------

Java Threads: ( => current thread )
  0x0000000016734000 JavaThread "Service Thread" daemon [_thread_blocked, id=15980, stack(0x0000000017090000,0x0000000017190000)]
  0x000000001672c800 JavaThread "C1 CompilerThread2" daemon [_thread_blocked, id=16076, stack(0x0000000016f90000,0x0000000017090000)]
=>0x00000000166be000 JavaThread "C2 CompilerThread1" daemon [_thread_in_native, id=14736, stack(0x0000000016e90000,0x0000000016f90000)]
  0x00000000166ba800 JavaThread "C2 CompilerThread0" daemon [_thread_in_native, id=3840, stack(0x0000000016d90000,0x0000000016e90000)]
  0x00000000166b9000 JavaThread "Monitor Ctrl-Break" daemon [_thread_in_native, id=10692, stack(0x0000000016c90000,0x0000000016d90000)]
  0x0000000015371000 JavaThread "Attach Listener" daemon [_thread_blocked, id=2340, stack(0x0000000016b90000,0x0000000016c90000)]
  0x0000000015370800 JavaThread "Signal Dispatcher" daemon [_thread_blocked, id=2644, stack(0x0000000016a90000,0x0000000016b90000)]
  0x0000000015301000 JavaThread "Finalizer" daemon [_thread_blocked, id=16176, stack(0x0000000016590000,0x0000000016690000)]
  0x00000000152fb800 JavaThread "Reference Handler" daemon [_thread_blocked, id=17980, stack(0x0000000016490000,0x0000000016590000)]
  0x0000000002b53800 JavaThread "main" [_thread_in_native, id=17368, stack(0x0000000002950000,0x0000000002a50000)]

Other Threads:
  0x00000000152f5800 VMThread [stack: 0x0000000016390000,0x0000000016490000] [id=7792]
  0x000000001677e800 WatcherThread [stack: 0x0000000017190000,0x0000000017290000] [id=14172]

VM state:not at safepoint (normal execution)

VM Mutex/Monitor currently owned by a thread: None

heap address: 0x00000000c0000000, size: 1024 MB, Compressed Oops mode: 32-bit
Narrow klass base: 0x0000000000000000, Narrow klass shift: 3
Compressed class space size: 1073741824 Address: 0x0000000100000000

Heap:
 PSYoungGen      total 328704K, used 133297K [0x00000000eab00000, 0x0000000100000000, 0x0000000100000000)
  eden space 309760K, 43% used [0x00000000eab00000,0x00000000f2d2c6b8,0x00000000fd980000)
  from space 18944K, 0% used [0x00000000fd980000,0x00000000fd980000,0x00000000fec00000)
  to   space 20480K, 0% used [0x00000000fec00000,0x00000000fec00000,0x0000000100000000)
 ParOldGen       total 76800K, used 60901K [0x00000000c0000000, 0x00000000c4b00000, 0x00000000eab00000)
  object space 76800K, 79% used [0x00000000c0000000,0x00000000c3b79438,0x00000000c4b00000)
 Metaspace       used 31247K, capacity 32286K, committed 33152K, reserved 1079296K
  class space    used 3451K, capacity 3737K, committed 3968K, reserved 1048576K

Card table byte_map: [0x0000000012010000,0x0000000012220000] byte_map_base: 0x0000000011a10000

Marking Bits: (ParMarkBitMap*) 0x00000000572b6d90
 Begin Bits: [0x0000000012780000, 0x0000000013780000)
 End Bits:   [0x0000000013780000, 0x0000000014780000)

Polling page: 0x0000000000c50000

CodeCache: size=245760Kb used=25671Kb max_used=26801Kb free=220088Kb
 bounds [0x0000000002c50000, 0x00000000046e0000, 0x0000000011c50000]
 total_blobs=7742 nmethods=7272 adapters=381
 compilation: enabled

Compilation events (10 events):
Event: 30.011 Thread 0x000000001672c800 9106       3       org.apache.commons.compress.archivers.zip.ZipArchiveOutputStream::getName (15 bytes)
Event: 30.011 Thread 0x000000001672c800 nmethod 9106 0x0000000003f734d0 code [0x0000000003f73660, 0x0000000003f739b8]
Event: 30.011 Thread 0x000000001672c800 9108       3       org.apache.commons.compress.archivers.zip.ZipArchiveOutputStream::flush (15 bytes)
Event: 30.011 Thread 0x000000001672c800 nmethod 9108 0x0000000003f73050 code [0x0000000003f731c0, 0x0000000003f73428]
Event: 30.015 Thread 0x000000001672c800 9110       3       org.springframework.boot.loader.tools.AbstractJarWriter$InputStreamEntryWriter::<init> (10 bytes)
Event: 30.016 Thread 0x000000001672c800 nmethod 9110 0x0000000003a48550 code [0x0000000003a486a0, 0x0000000003a48870]
Event: 30.016 Thread 0x000000001672c800 9111       3       org.springframework.boot.loader.tools.LayersIndex::add (60 bytes)
Event: 30.016 Thread 0x000000001672c800 nmethod 9111 0x0000000003f72810 code [0x0000000003f729a0, 0x0000000003f72e38]
Event: 30.021 Thread 0x00000000166ba800 nmethod 9061 0x0000000003c96190 code [0x0000000003c964a0, 0x0000000003c985a0]
Event: 30.021 Thread 0x00000000166ba800 9079       4       java.util.Date::normalize (110 bytes)

GC Heap History (10 events):
Event: 15.877 GC heap before
{Heap before GC invocations=12 (full 1):
 PSYoungGen      total 310272K, used 295304K [0x00000000eab00000, 0x0000000100000000, 0x0000000100000000)
  eden space 290816K, 100% used [0x00000000eab00000,0x00000000fc700000,0x00000000fc700000)
  from space 19456K, 23% used [0x00000000fda80000,0x00000000fdee2318,0x00000000fed80000)
  to   space 19968K, 0% used [0x00000000fc700000,0x00000000fc700000,0x00000000fda80000)
 ParOldGen       total 76800K, used 40338K [0x00000000c0000000, 0x00000000c4b00000, 0x00000000eab00000)
  object space 76800K, 52% used [0x00000000c0000000,0x00000000c27648a0,0x00000000c4b00000)
 Metaspace       used 25225K, capacity 25894K, committed 26112K, reserved 1073152K
  class space    used 2867K, capacity 3054K, committed 3072K, reserved 1048576K
Event: 15.894 GC heap after
Heap after GC invocations=12 (full 1):
 PSYoungGen      total 310784K, used 8271K [0x00000000eab00000, 0x00000000ffe80000, 0x0000000100000000)
  eden space 290816K, 0% used [0x00000000eab00000,0x00000000eab00000,0x00000000fc700000)
  from space 19968K, 41% used [0x00000000fc700000,0x00000000fcf13ec8,0x00000000fda80000)
  to   space 18944K, 0% used [0x00000000fec00000,0x00000000fec00000,0x00000000ffe80000)
 ParOldGen       total 76800K, used 43504K [0x00000000c0000000, 0x00000000c4b00000, 0x00000000eab00000)
  object space 76800K, 56% used [0x00000000c0000000,0x00000000c2a7c070,0x00000000c4b00000)
 Metaspace       used 25225K, capacity 25894K, committed 26112K, reserved 1073152K
  class space    used 2867K, capacity 3054K, committed 3072K, reserved 1048576K
}
Event: 16.829 GC heap before
{Heap before GC invocations=13 (full 1):
 PSYoungGen      total 310784K, used 299087K [0x00000000eab00000, 0x00000000ffe80000, 0x0000000100000000)
  eden space 290816K, 100% used [0x00000000eab00000,0x00000000fc700000,0x00000000fc700000)
  from space 19968K, 41% used [0x00000000fc700000,0x00000000fcf13ec8,0x00000000fda80000)
  to   space 18944K, 0% used [0x00000000fec00000,0x00000000fec00000,0x00000000ffe80000)
 ParOldGen       total 76800K, used 43504K [0x00000000c0000000, 0x00000000c4b00000, 0x00000000eab00000)
  object space 76800K, 56% used [0x00000000c0000000,0x00000000c2a7c070,0x00000000c4b00000)
 Metaspace       used 25941K, capacity 26758K, committed 27008K, reserved 1073152K
  class space    used 2930K, capacity 3118K, committed 3200K, reserved 1048576K
Event: 16.854 GC heap after
Heap after GC invocations=13 (full 1):
 PSYoungGen      total 328704K, used 6433K [0x00000000eab00000, 0x00000000fff00000, 0x0000000100000000)
  eden space 309760K, 0% used [0x00000000eab00000,0x00000000eab00000,0x00000000fd980000)
  from space 18944K, 33% used [0x00000000fec00000,0x00000000ff2485f8,0x00000000ffe80000)
  to   space 18944K, 0% used [0x00000000fd980000,0x00000000fd980000,0x00000000fec00000)
 ParOldGen       total 76800K, used 50375K [0x00000000c0000000, 0x00000000c4b00000, 0x00000000eab00000)
  object space 76800K, 65% used [0x00000000c0000000,0x00000000c3131ee8,0x00000000c4b00000)
 Metaspace       used 25941K, capacity 26758K, committed 27008K, reserved 1073152K
  class space    used 2930K, capacity 3118K, committed 3200K, reserved 1048576K
}
Event: 18.657 GC heap before
{Heap before GC invocations=14 (full 1):
 PSYoungGen      total 328704K, used 316193K [0x00000000eab00000, 0x00000000fff00000, 0x0000000100000000)
  eden space 309760K, 100% used [0x00000000eab00000,0x00000000fd980000,0x00000000fd980000)
  from space 18944K, 33% used [0x00000000fec00000,0x00000000ff2485f8,0x00000000ffe80000)
  to   space 18944K, 0% used [0x00000000fd980000,0x00000000fd980000,0x00000000fec00000)
 ParOldGen       total 76800K, used 50375K [0x00000000c0000000, 0x00000000c4b00000, 0x00000000eab00000)
  object space 76800K, 65% used [0x00000000c0000000,0x00000000c3131ee8,0x00000000c4b00000)
 Metaspace       used 26202K, capacity 27016K, committed 27264K, reserved 1073152K
  class space    used 2934K, capacity 3120K, committed 3200K, reserved 1048576K
Event: 18.707 GC heap after
Heap after GC invocations=14 (full 1):
 PSYoungGen      total 328704K, used 18921K [0x00000000eab00000, 0x0000000100000000, 0x0000000100000000)
  eden space 309760K, 0% used [0x00000000eab00000,0x00000000eab00000,0x00000000fd980000)
  from space 18944K, 99% used [0x00000000fd980000,0x00000000febfa550,0x00000000fec00000)
  to   space 20480K, 0% used [0x00000000fec00000,0x00000000fec00000,0x0000000100000000)
 ParOldGen       total 76800K, used 69961K [0x00000000c0000000, 0x00000000c4b00000, 0x00000000eab00000)
  object space 76800K, 91% used [0x00000000c0000000,0x00000000c44525c0,0x00000000c4b00000)
 Metaspace       used 26202K, capacity 27016K, committed 27264K, reserved 1073152K
  class space    used 2934K, capacity 3120K, committed 3200K, reserved 1048576K
}
Event: 18.707 GC heap before
{Heap before GC invocations=15 (full 2):
 PSYoungGen      total 328704K, used 18921K [0x00000000eab00000, 0x0000000100000000, 0x0000000100000000)
  eden space 309760K, 0% used [0x00000000eab00000,0x00000000eab00000,0x00000000fd980000)
  from space 18944K, 99% used [0x00000000fd980000,0x00000000febfa550,0x00000000fec00000)
  to   space 20480K, 0% used [0x00000000fec00000,0x00000000fec00000,0x0000000100000000)
 ParOldGen       total 76800K, used 69961K [0x00000000c0000000, 0x00000000c4b00000, 0x00000000eab00000)
  object space 76800K, 91% used [0x00000000c0000000,0x00000000c44525c0,0x00000000c4b00000)
 Metaspace       used 26202K, capacity 27016K, committed 27264K, reserved 1073152K
  class space    used 2934K, capacity 3120K, committed 3200K, reserved 1048576K
Event: 19.214 GC heap after
Heap after GC invocations=15 (full 2):
 PSYoungGen      total 328704K, used 3469K [0x00000000eab00000, 0x0000000100000000, 0x0000000100000000)
  eden space 309760K, 0% used [0x00000000eab00000,0x00000000eab00000,0x00000000fd980000)
  from space 18944K, 18% used [0x00000000fd980000,0x00000000fdce3540,0x00000000fec00000)
  to   space 20480K, 0% used [0x00000000fec00000,0x00000000fec00000,0x0000000100000000)
 ParOldGen       total 76800K, used 76511K [0x00000000c0000000, 0x00000000c4b00000, 0x00000000eab00000)
  object space 76800K, 99% used [0x00000000c0000000,0x00000000c4ab7fe8,0x00000000c4b00000)
 Metaspace       used 26202K, capacity 27016K, committed 27264K, reserved 1073152K
  class space    used 2934K, capacity 3120K, committed 3200K, reserved 1048576K
}
Event: 24.655 GC heap before
{Heap before GC invocations=16 (full 3):
 PSYoungGen      total 328704K, used 313229K [0x00000000eab00000, 0x0000000100000000, 0x0000000100000000)
  eden space 309760K, 100% used [0x00000000eab00000,0x00000000fd980000,0x00000000fd980000)
  from space 18944K, 18% used [0x00000000fd980000,0x00000000fdce3540,0x00000000fec00000)
  to   space 20480K, 0% used [0x00000000fec00000,0x00000000fec00000,0x0000000100000000)
 ParOldGen       total 76800K, used 76511K [0x00000000c0000000, 0x00000000c4b00000, 0x00000000eab00000)
  object space 76800K, 99% used [0x00000000c0000000,0x00000000c4ab7fe8,0x00000000c4b00000)
 Metaspace       used 31563K, capacity 32628K, committed 32768K, reserved 1079296K
  class space    used 3522K, capacity 3830K, committed 3840K, reserved 1048576K
Event: 24.963 GC heap after
Heap after GC invocations=16 (full 3):
 PSYoungGen      total 328704K, used 0K [0x00000000eab00000, 0x0000000100000000, 0x0000000100000000)
  eden space 309760K, 0% used [0x00000000eab00000,0x00000000eab00000,0x00000000fd980000)
  from space 18944K, 0% used [0x00000000fd980000,0x00000000fd980000,0x00000000fec00000)
  to   space 20480K, 0% used [0x00000000fec00000,0x00000000fec00000,0x0000000100000000)
 ParOldGen       total 76800K, used 60901K [0x00000000c0000000, 0x00000000c4b00000, 0x00000000eab00000)
  object space 76800K, 79% used [0x00000000c0000000,0x00000000c3b79438,0x00000000c4b00000)
 Metaspace       used 28648K, capacity 29540K, committed 32768K, reserved 1079296K
  class space    used 3175K, capacity 3444K, committed 3840K, reserved 1048576K
}

Deoptimization events (10 events):
Event: 29.876 Thread 0x0000000002b53800 Uncommon trap: reason=bimorphic action=maybe_recompile pc=0x0000000003c0d71c method=java.util.zip.InflaterInputStream.read([BII)I @ 100
Event: 29.876 Thread 0x0000000002b53800 Uncommon trap: reason=bimorphic action=maybe_recompile pc=0x0000000003c0d71c method=java.util.zip.InflaterInputStream.read([BII)I @ 100
Event: 29.876 Thread 0x0000000002b53800 Uncommon trap: reason=class_check action=maybe_recompile pc=0x0000000004670d68 method=java.util.zip.ZipInputStream.readLOC()Ljava/util/zip/ZipEntry; @ 133
Event: 29.876 Thread 0x0000000002b53800 Uncommon trap: reason=class_check action=maybe_recompile pc=0x0000000003b96964 method=java.util.zip.ZipInputStream.closeEntry()V @ 15
Event: 29.876 Thread 0x0000000002b53800 Uncommon trap: reason=class_check action=maybe_recompile pc=0x0000000004674f54 method=java.util.zip.ZipInputStream.readLOC()Ljava/util/zip/ZipEntry; @ 133
Event: 29.877 Thread 0x0000000002b53800 Uncommon trap: reason=unstable_if action=reinterpret pc=0x00000000039348dc method=sun.util.calendar.CalendarUtils.isGregorianLeapYear(I)Z @ 3
Event: 29.916 Thread 0x0000000002b53800 Uncommon trap: reason=bimorphic action=maybe_recompile pc=0x0000000002fa36dc method=java.io.FilterInputStream.read([BII)I @ 7
Event: 29.916 Thread 0x0000000002b53800 Uncommon trap: reason=bimorphic action=maybe_recompile pc=0x0000000002fa36dc method=java.io.FilterInputStream.read([BII)I @ 7
Event: 29.916 Thread 0x0000000002b53800 Uncommon trap: reason=bimorphic action=maybe_recompile pc=0x0000000002fa36dc method=java.io.FilterInputStream.read([BII)I @ 7
Event: 29.916 Thread 0x0000000002b53800 Uncommon trap: reason=bimorphic action=maybe_recompile pc=0x0000000002fa36dc method=java.io.FilterInputStream.read([BII)I @ 7

Classes redefined (0 events):
No events

Internal exceptions (10 events):
Event: 21.737 Thread 0x0000000002b53800 Exception <a 'java/security/PrivilegedActionException'> (0x00000000f49db4f0) thrown at [C:\re\workspace\8-2-build-windows-amd64-cygwin\jdk8u231\13620\hotspot\src\share\vm\prims\jvm.cpp, line 1502]
Event: 21.738 Thread 0x0000000002b53800 Exception <a 'java/security/PrivilegedActionException'> (0x00000000f4a1be68) thrown at [C:\re\workspace\8-2-build-windows-amd64-cygwin\jdk8u231\13620\hotspot\src\share\vm\prims\jvm.cpp, line 1502]
Event: 21.738 Thread 0x0000000002b53800 Exception <a 'java/security/PrivilegedActionException'> (0x00000000f4a1c448) thrown at [C:\re\workspace\8-2-build-windows-amd64-cygwin\jdk8u231\13620\hotspot\src\share\vm\prims\jvm.cpp, line 1502]
Event: 21.738 Thread 0x0000000002b53800 Exception <a 'java/security/PrivilegedActionException'> (0x00000000f4a1dbc0) thrown at [C:\re\workspace\8-2-build-windows-amd64-cygwin\jdk8u231\13620\hotspot\src\share\vm\prims\jvm.cpp, line 1502]
Event: 21.738 Thread 0x0000000002b53800 Exception <a 'java/security/PrivilegedActionException'> (0x00000000f4a1e1a0) thrown at [C:\re\workspace\8-2-build-windows-amd64-cygwin\jdk8u231\13620\hotspot\src\share\vm\prims\jvm.cpp, line 1502]
Event: 23.377 Thread 0x0000000002b53800 Exception <a 'java/lang/NoSuchMethodError': org.apache.maven.execution.MavenExecutionRequest.getFailureBehavior()Ljava/lang/String;> (0x00000000f946ae28) thrown at [C:\re\workspace\8-2-build-windows-amd64-cygwin\jdk8u231\13620\hotspot\src\share\vm\interpr
Event: 23.393 Thread 0x0000000018941000 Implicit null exception at 0x00000000032cb87f to 0x00000000032cc00d
Event: 29.571 Thread 0x0000000002b53800 Exception <a 'java/lang/NoSuchFieldError': method resolution failed> (0x00000000eeaacfa0) thrown at [C:\re\workspace\8-2-build-windows-amd64-cygwin\jdk8u231\13620\hotspot\src\share\vm\prims\methodHandles.cpp, line 1167]
Event: 29.575 Thread 0x0000000002b53800 Exception <a 'java/lang/NoSuchFieldError': method resolution failed> (0x00000000eeabb2d0) thrown at [C:\re\workspace\8-2-build-windows-amd64-cygwin\jdk8u231\13620\hotspot\src\share\vm\prims\methodHandles.cpp, line 1167]
Event: 29.876 Thread 0x0000000002b53800 Implicit null exception at 0x0000000003b7193c to 0x0000000003b71de1

Events (10 events):
Event: 29.916 Thread 0x0000000002b53800 DEOPT UNPACKING pc=0x0000000002c9583b sp=0x0000000002a4d730 mode 2
Event: 29.916 Thread 0x0000000002b53800 Uncommon trap: trap_request=0xffffffc6 fr.pc=0x0000000002fa36dc
Event: 29.916 Thread 0x0000000002b53800 DEOPT PACKING pc=0x0000000002fa36dc sp=0x0000000002a4d7a0
Event: 29.916 Thread 0x0000000002b53800 DEOPT UNPACKING pc=0x0000000002c9583b sp=0x0000000002a4d730 mode 2
Event: 29.916 Thread 0x0000000002b53800 Uncommon trap: trap_request=0xffffffc6 fr.pc=0x0000000002fa36dc
Event: 29.916 Thread 0x0000000002b53800 DEOPT PACKING pc=0x0000000002fa36dc sp=0x0000000002a4d7a0
Event: 29.916 Thread 0x0000000002b53800 DEOPT UNPACKING pc=0x0000000002c9583b sp=0x0000000002a4d730 mode 2
Event: 29.916 Thread 0x0000000002b53800 Uncommon trap: trap_request=0xffffffc6 fr.pc=0x0000000002fa36dc
Event: 29.916 Thread 0x0000000002b53800 DEOPT PACKING pc=0x0000000002fa36dc sp=0x0000000002a4d7a0
Event: 29.916 Thread 0x0000000002b53800 DEOPT UNPACKING pc=0x0000000002c9583b sp=0x0000000002a4d730 mode 2


Dynamic libraries:
0x00007ff781140000 - 0x00007ff781177000 	C:\Program Files\Java\jdk1.8.0_231\bin\java.exe
0x00007ffbdd930000 - 0x00007ffbddb25000 	C:\WINDOWS\SYSTEM32\ntdll.dll
0x00007ffbdc980000 - 0x00007ffbdca3d000 	C:\WINDOWS\System32\KERNEL32.DLL
0x00007ffbdb320000 - 0x00007ffbdb5e8000 	C:\WINDOWS\System32\KERNELBASE.dll
0x00007ffbdbfd0000 - 0x00007ffbdc07c000 	C:\WINDOWS\System32\ADVAPI32.dll
0x00007ffbdca40000 - 0x00007ffbdcade000 	C:\WINDOWS\System32\msvcrt.dll
0x00007ffbdd180000 - 0x00007ffbdd21b000 	C:\WINDOWS\System32\sechost.dll
0x00007ffbdbc60000 - 0x00007ffbdbd8b000 	C:\WINDOWS\System32\RPCRT4.dll
0x00007ffbdcae0000 - 0x00007ffbdcc80000 	C:\WINDOWS\System32\USER32.dll
0x00007ffbdb960000 - 0x00007ffbdb982000 	C:\WINDOWS\System32\win32u.dll
0x00007ffbdd0f0000 - 0x00007ffbdd11a000 	C:\WINDOWS\System32\GDI32.dll
0x00007ffbdb850000 - 0x00007ffbdb95b000 	C:\WINDOWS\System32\gdi32full.dll
0x00007ffbdb170000 - 0x00007ffbdb20d000 	C:\WINDOWS\System32\msvcp_win.dll
0x00007ffbdb070000 - 0x00007ffbdb170000 	C:\WINDOWS\System32\ucrtbase.dll
0x00007ffbbc890000 - 0x00007ffbbcb2a000 	C:\WINDOWS\WinSxS\amd64_microsoft.windows.common-controls_6595b64144ccf1df_6.0.19041.844_none_ca00b6081b84eb1d\COMCTL32.dll
0x00007ffbdbb50000 - 0x00007ffbdbb80000 	C:\WINDOWS\System32\IMM32.DLL
0x0000000057340000 - 0x0000000057412000 	C:\Program Files\Java\jdk1.8.0_231\jre\bin\msvcr100.dll
0x0000000056a90000 - 0x0000000057336000 	C:\Program Files\Java\jdk1.8.0_231\jre\bin\server\jvm.dll
0x00007ffbdd7b0000 - 0x00007ffbdd7b8000 	C:\WINDOWS\System32\PSAPI.DLL
0x00007ffbd9830000 - 0x00007ffbd9839000 	C:\WINDOWS\SYSTEM32\WSOCK32.dll
0x00007ffbdd380000 - 0x00007ffbdd3eb000 	C:\WINDOWS\System32\WS2_32.dll
0x00007ffbd0c70000 - 0x00007ffbd0c97000 	C:\WINDOWS\SYSTEM32\WINMM.dll
0x00007ffbd1810000 - 0x00007ffbd181a000 	C:\WINDOWS\SYSTEM32\VERSION.dll
0x00007ffbd6110000 - 0x00007ffbd611f000 	C:\Program Files\Java\jdk1.8.0_231\jre\bin\verify.dll
0x00007ffbd6030000 - 0x00007ffbd6059000 	C:\Program Files\Java\jdk1.8.0_231\jre\bin\java.dll
0x00007ffbd5f40000 - 0x00007ffbd5f63000 	C:\Program Files\Java\jdk1.8.0_231\jre\bin\instrument.dll
0x00007ffbd6010000 - 0x00007ffbd6026000 	C:\Program Files\Java\jdk1.8.0_231\jre\bin\zip.dll
0x00007ffbdc080000 - 0x00007ffbdc7c2000 	C:\WINDOWS\System32\SHELL32.dll
0x00007ffbd8dc0000 - 0x00007ffbd9550000 	C:\WINDOWS\SYSTEM32\windows.storage.dll
0x00007ffbdd3f0000 - 0x00007ffbdd745000 	C:\WINDOWS\System32\combase.dll
0x00007ffbdaae0000 - 0x00007ffbdab0c000 	C:\WINDOWS\SYSTEM32\Wldp.dll
0x00007ffbdd220000 - 0x00007ffbdd2ce000 	C:\WINDOWS\System32\SHCORE.dll
0x00007ffbdbaf0000 - 0x00007ffbdbb45000 	C:\WINDOWS\System32\shlwapi.dll
0x00007ffbdafb0000 - 0x00007ffbdafcf000 	C:\WINDOWS\SYSTEM32\profapi.dll
0x00007ffbd5e70000 - 0x00007ffbd5e8a000 	F:\IDEA\IntelliJ IDEA 2019.3.1\bin\breakgen64.dll
0x00007ffbd5e10000 - 0x00007ffbd5e2a000 	C:\Program Files\Java\jdk1.8.0_231\jre\bin\net.dll
0x00007ffbda850000 - 0x00007ffbda8ba000 	C:\WINDOWS\system32\mswsock.dll
0x00007ffbdaa20000 - 0x00007ffbdaa38000 	C:\WINDOWS\SYSTEM32\CRYPTSP.dll
0x00007ffbda180000 - 0x00007ffbda1b4000 	C:\WINDOWS\system32\rsaenh.dll
0x00007ffbdb270000 - 0x00007ffbdb297000 	C:\WINDOWS\System32\bcrypt.dll
0x00007ffbdaf30000 - 0x00007ffbdaf5e000 	C:\WINDOWS\SYSTEM32\USERENV.dll
0x00007ffbdb2a0000 - 0x00007ffbdb320000 	C:\WINDOWS\System32\bcryptprimitives.dll
0x00007ffbdaa40000 - 0x00007ffbdaa4c000 	C:\WINDOWS\SYSTEM32\CRYPTBASE.dll
0x00007ffbda4f0000 - 0x00007ffbda52b000 	C:\WINDOWS\SYSTEM32\IPHLPAPI.DLL
0x00007ffbdba60000 - 0x00007ffbdba68000 	C:\WINDOWS\System32\NSI.dll
0x00007ffbd1ec0000 - 0x00007ffbd1ed7000 	C:\WINDOWS\SYSTEM32\dhcpcsvc6.DLL
0x00007ffbd20b0000 - 0x00007ffbd20cd000 	C:\WINDOWS\SYSTEM32\dhcpcsvc.DLL
0x00007ffbda530000 - 0x00007ffbda5fc000 	C:\WINDOWS\SYSTEM32\DNSAPI.dll
0x00007ffbd5dd0000 - 0x00007ffbd5de2000 	C:\Program Files\Java\jdk1.8.0_231\jre\bin\nio.dll
0x00007ffbd6000000 - 0x00007ffbd600a000 	C:\Users\qq657\AppData\Local\Temp\jansi-1.17.1-8837876698790753971.dll
0x00007ffbd5dc0000 - 0x00007ffbd5dca000 	C:\Users\qq657\AppData\Local\Temp\jansi-1.17.1-2150534779624957087.dll
0x00007ffbd5db0000 - 0x00007ffbd5dbd000 	C:\Program Files\Java\jdk1.8.0_231\jre\bin\management.dll
0x00007ffbc5530000 - 0x00007ffbc5547000 	C:\WINDOWS\system32\napinsp.dll
0x00007ffbc54d0000 - 0x00007ffbc54eb000 	C:\WINDOWS\system32\pnrpnsp.dll
0x00007ffbc5170000 - 0x00007ffbc5185000 	C:\WINDOWS\system32\wshbth.dll
0x00007ffbd3c60000 - 0x00007ffbd3c7d000 	C:\WINDOWS\system32\NLAapi.dll
0x00007ffbc5150000 - 0x00007ffbc5162000 	C:\WINDOWS\System32\winrnr.dll
0x00007ffbd0c60000 - 0x00007ffbd0c6a000 	C:\Windows\System32\rasadhlp.dll
0x00007ffbd10d0000 - 0x00007ffbd114f000 	C:\WINDOWS\System32\fwpuclnt.dll

VM Arguments:
jvm_args: -Dmaven.multiModuleProjectDirectory=F:\work\rent -Xmx1024m -XX:MaxPermSize=256m -Dmaven.home=F:\IDEA\IntelliJ IDEA 2019.3.1\plugins\maven\lib\maven3 -Dclassworlds.conf=F:\IDEA\IntelliJ IDEA 2019.3.1\plugins\maven\lib\maven3\bin\m2.conf -Dmaven.ext.class.path=F:\IDEA\IntelliJ IDEA 2019.3.1\plugins\maven\lib\maven-event-listener.jar -javaagent:F:\IDEA\IntelliJ IDEA 2019.3.1\lib\idea_rt.jar=7908:F:\IDEA\IntelliJ IDEA 2019.3.1\bin -Dfile.encoding=UTF-8 
java_command: org.codehaus.classworlds.Launcher -Didea.version2019.3.1 -s E:\Maven\apache-maven-3.6.3\conf\settings.xml -Dmaven.repo.local=E:\Maven\Maven_jar package
java_class_path (initial): F:\IDEA\IntelliJ IDEA 2019.3.1\plugins\maven\lib\maven3\boot\plexus-classworlds-2.6.0.jar;F:\IDEA\IntelliJ IDEA 2019.3.1\lib\idea_rt.jar
Launcher Type: SUN_STANDARD

Environment Variables:
JAVA_HOME=C:\Program Files\Java\jdk1.8.0_231
CLASSPATH=.;C:\Program Files\Java\jdk1.8.0_231\lib;C:\Program Files\Java\jdk1.8.0_231\lib\tools.jar
PATH=C:\Program Files (x86)\Common Files\Oracle\Java\javapath;F:\Xftp6\;F:\Xshell6\;C:\WINDOWS\system32;C:\WINDOWS;C:\WINDOWS\System32\Wbem;C:\WINDOWS\System32\WindowsPowerShell\v1.0\;C:\WINDOWS\System32\OpenSSH\;E:\Maven\apache-maven-3.6.3\bin;C:\Program Files\Java\jdk1.8.0_231\bin;C:\Program Files\Java\jdk1.8.0_231\jre\bin;F:\mysql\mysql-8.0.18-winx64\bin;F:\Node\;F:\Git\cmd;C:\Users\qq657\AppData\Local\Programs\Python\Python39-32;F:\Anaconda\install;F:\Anaconda\install\Library\bin;F:\Anaconda\install\Scripts;C:\Users\qq657\AppData\Local\Programs\Python\Python39-32\Scripts\;C:\Users\qq657\AppData\Local\Programs\Python\Python39-32\;C:\Users\qq657\AppData\Local\Microsoft\WindowsApps;;F:\VsCode\Microsoft VS Code\bin;C:\Users\qq657\AppData\Roaming\npm
USERNAME=qq657
OS=Windows_NT
PROCESSOR_IDENTIFIER=Intel64 Family 6 Model 61 Stepping 4, GenuineIntel



---------------  S Y S T E M  ---------------

OS: Windows 10.0 , 64 bit Build 19041 (10.0.19041.928)

CPU:total 4 (initial active 4) (2 cores per cpu, 2 threads per core) family 6 model 61 stepping 4, cmov, cx8, fxsr, mmx, sse, sse2, sse3, ssse3, sse4.1, sse4.2, popcnt, avx, avx2, aes, clmul, erms, 3dnowpref, lzcnt, ht, tsc, tscinvbit, bmi1, bmi2, adx

Memory: 4k page, physical 8285576k(403460k free), swap 17384692k(5820k free)

vm_info: Java HotSpot(TM) 64-Bit Server VM (25.231-b11) for windows-amd64 JRE (1.8.0_231-b11), built on Oct  5 2019 03:11:30 by "java_re" with MS VC++ 10.0 (VS2010)

time: Mon May 17 16:18:58 2021
timezone: 中国标准时间
elapsed time: 30 seconds (0d 0h 0m 30s)

